{"/Users/ijunha/workspace/frontend-ddd/src/components/ExpandableForm.vue": {"path":"/Users/ijunha/workspace/frontend-ddd/src/components/ExpandableForm.vue","statementMap":{"0":{"start":{"line":47,"column":16},"end":{"line":47,"column":null}},"1":{"start":{"line":52,"column":21},"end":{"line":52,"column":null}},"2":{"start":{"line":54,"column":15},"end":{"line":56,"column":null}},"3":{"start":{"line":55,"column":4},"end":{"line":55,"column":null}},"4":{"start":{"line":58,"column":17},"end":{"line":62,"column":null}},"5":{"start":{"line":59,"column":22},"end":{"line":59,"column":null}},"6":{"start":{"line":61,"column":4},"end":{"line":61,"column":null}},"7":{"start":{"line":61,"column":15},"end":{"line":61,"column":null}},"8":{"start":{"line":64,"column":2},"end":{"line":66,"column":null}},"9":{"start":{"line":3,"column":13},"end":{"line":3,"column":null}},"10":{"start":{"line":25,"column":25},"end":{"line":null,"column":-1}}},"fnMap":{"0":{"name":"(anonymous_1)","decl":{"start":{"line":54,"column":15},"end":{"line":54,"column":21}},"loc":{"start":{"line":54,"column":21},"end":{"line":56,"column":null}}},"1":{"name":"(anonymous_2)","decl":{"start":{"line":58,"column":17},"end":{"line":58,"column":24}},"loc":{"start":{"line":58,"column":50},"end":{"line":62,"column":null}}},"2":{"name":"(anonymous_5)","decl":{"start":{"line":3,"column":13},"end":{"line":3,"column":23}},"loc":{"start":{"line":3,"column":13},"end":{"line":3,"column":null}}},"3":{"name":"(anonymous_11)","decl":{"start":{"line":25,"column":14},"end":{"line":25,"column":17}},"loc":{"start":{"line":25,"column":25},"end":{"line":null,"column":-1}}}},"branchMap":{"0":{"loc":{"start":{"line":61,"column":4},"end":{"line":61,"column":null}},"type":"if","locations":[{"start":{"line":61,"column":4},"end":{"line":61,"column":null}},{"start":{"line":61,"column":4},"end":{"line":61,"column":null}}]},"1":{"loc":{"start":{"line":3,"column":13},"end":{"line":3,"column":null}},"type":"binary-expr","locations":[{"start":{"line":3,"column":13},"end":{"line":3,"column":23}},{"start":{"line":3,"column":13},"end":{"line":3,"column":null}}]}},"s":{"0":0,"1":0,"2":0,"3":0,"4":0,"5":0,"6":0,"7":0,"8":0,"9":0,"10":0},"f":{"0":0,"1":0,"2":0,"3":0},"b":{"0":[0,0],"1":[0,0]}}
,"/Users/ijunha/workspace/frontend-ddd/src/components/ManagerForm.vue": {"path":"/Users/ijunha/workspace/frontend-ddd/src/components/ManagerForm.vue","statementMap":{"0":{"start":{"line":39,"column":24},"end":{"line":39,"column":null}},"1":{"start":{"line":41,"column":22},"end":{"line":41,"column":null}},"2":{"start":{"line":42,"column":22},"end":{"line":42,"column":null}},"3":{"start":{"line":44,"column":24},"end":{"line":44,"column":null}},"4":{"start":{"line":45,"column":24},"end":{"line":45,"column":null}},"5":{"start":{"line":46,"column":27},"end":{"line":52,"column":null}},"6":{"start":{"line":54,"column":21},"end":{"line":54,"column":null}},"7":{"start":{"line":54,"column":37},"end":{"line":54,"column":80}},"8":{"start":{"line":55,"column":27},"end":{"line":55,"column":null}},"9":{"start":{"line":55,"column":43},"end":{"line":55,"column":87}},"10":{"start":{"line":57,"column":17},"end":{"line":59,"column":null}},"11":{"start":{"line":58,"column":4},"end":{"line":58,"column":null}},"12":{"start":{"line":8,"column":15},"end":{"line":8,"column":null}},"13":{"start":{"line":12,"column":15},"end":{"line":12,"column":null}},"14":{"start":{"line":17,"column":15},"end":{"line":17,"column":null}},"15":{"start":{"line":24,"column":15},"end":{"line":24,"column":null}},"16":{"start":{"line":28,"column":15},"end":{"line":28,"column":null}}},"fnMap":{"0":{"name":"(anonymous_1)","decl":{"start":{"line":54,"column":22},"end":{"line":54,"column":23}},"loc":{"start":{"line":54,"column":37},"end":{"line":54,"column":80}}},"1":{"name":"(anonymous_2)","decl":{"start":{"line":55,"column":28},"end":{"line":55,"column":29}},"loc":{"start":{"line":55,"column":43},"end":{"line":55,"column":87}}},"2":{"name":"(anonymous_3)","decl":{"start":{"line":57,"column":17},"end":{"line":57,"column":29}},"loc":{"start":{"line":57,"column":29},"end":{"line":59,"column":null}}},"3":{"name":"(anonymous_6)","decl":{"start":{"line":8,"column":32},"end":{"line":8,"column":36}},"loc":{"start":{"line":8,"column":15},"end":{"line":8,"column":null}}},"4":{"name":"(anonymous_7)","decl":{"start":{"line":12,"column":32},"end":{"line":12,"column":37}},"loc":{"start":{"line":12,"column":15},"end":{"line":12,"column":null}}},"5":{"name":"(anonymous_8)","decl":{"start":{"line":17,"column":32},"end":{"line":17,"column":44}},"loc":{"start":{"line":17,"column":15},"end":{"line":17,"column":null}}},"6":{"name":"(anonymous_9)","decl":{"start":{"line":24,"column":15},"end":{"line":24,"column":28}},"loc":{"start":{"line":24,"column":15},"end":{"line":24,"column":null}}},"7":{"name":"(anonymous_10)","decl":{"start":{"line":28,"column":32},"end":{"line":28,"column":43}},"loc":{"start":{"line":28,"column":15},"end":{"line":28,"column":null}}}},"branchMap":{"0":{"loc":{"start":{"line":54,"column":37},"end":{"line":54,"column":80}},"type":"binary-expr","locations":[{"start":{"line":54,"column":37},"end":{"line":54,"column":60}},{"start":{"line":54,"column":60},"end":{"line":54,"column":80}}]},"1":{"loc":{"start":{"line":55,"column":43},"end":{"line":55,"column":87}},"type":"binary-expr","locations":[{"start":{"line":55,"column":43},"end":{"line":55,"column":66}},{"start":{"line":55,"column":66},"end":{"line":55,"column":87}}]},"2":{"loc":{"start":{"line":8,"column":32},"end":{"line":8,"column":null}},"type":"binary-expr","locations":[{"start":{"line":8,"column":32},"end":{"line":8,"column":36}},{"start":{"line":8,"column":32},"end":{"line":8,"column":null}}]},"3":{"loc":{"start":{"line":12,"column":32},"end":{"line":12,"column":null}},"type":"binary-expr","locations":[{"start":{"line":12,"column":32},"end":{"line":12,"column":37}},{"start":{"line":12,"column":32},"end":{"line":12,"column":null}}]},"4":{"loc":{"start":{"line":17,"column":32},"end":{"line":17,"column":null}},"type":"binary-expr","locations":[{"start":{"line":17,"column":32},"end":{"line":17,"column":44}},{"start":{"line":17,"column":32},"end":{"line":17,"column":null}}]},"5":{"loc":{"start":{"line":24,"column":15},"end":{"line":24,"column":null}},"type":"binary-expr","locations":[{"start":{"line":24,"column":15},"end":{"line":24,"column":28}},{"start":{"line":24,"column":15},"end":{"line":24,"column":null}}]},"6":{"loc":{"start":{"line":28,"column":32},"end":{"line":28,"column":null}},"type":"binary-expr","locations":[{"start":{"line":28,"column":32},"end":{"line":28,"column":43}},{"start":{"line":28,"column":32},"end":{"line":28,"column":null}}]}},"s":{"0":0,"1":0,"2":0,"3":0,"4":0,"5":0,"6":0,"7":0,"8":0,"9":0,"10":0,"11":0,"12":0,"13":0,"14":0,"15":0,"16":0},"f":{"0":0,"1":0,"2":0,"3":0,"4":0,"5":0,"6":0,"7":0},"b":{"0":[0,0],"1":[0,0],"2":[0,0],"3":[0,0],"4":[0,0],"5":[0,0],"6":[0,0]}}
,"/Users/ijunha/workspace/frontend-ddd/src/components/ManagerTable.vue": {"path":"/Users/ijunha/workspace/frontend-ddd/src/components/ManagerTable.vue","statementMap":{"0":{"start":{"line":54,"column":18},"end":{"line":54,"column":null}},"1":{"start":{"line":55,"column":34},"end":{"line":55,"column":null}},"2":{"start":{"line":56,"column":19},"end":{"line":56,"column":null}},"3":{"start":{"line":56,"column":34},"end":{"line":56,"column":68}},"4":{"start":{"line":57,"column":30},"end":{"line":57,"column":null}},"5":{"start":{"line":59,"column":25},"end":{"line":68,"column":null}},"6":{"start":{"line":60,"column":4},"end":{"line":60,"column":null}},"7":{"start":{"line":61,"column":4},"end":{"line":67,"column":null}},"8":{"start":{"line":62,"column":6},"end":{"line":62,"column":null}},"9":{"start":{"line":64,"column":6},"end":{"line":64,"column":null}},"10":{"start":{"line":66,"column":6},"end":{"line":66,"column":null}},"11":{"start":{"line":70,"column":24},"end":{"line":70,"column":null}},"12":{"start":{"line":72,"column":22},"end":{"line":72,"column":null}},"13":{"start":{"line":7,"column":6},"end":{"line":7,"column":35}},"14":{"start":{"line":8,"column":6},"end":{"line":8,"column":37}},"15":{"start":{"line":9,"column":6},"end":{"line":9,"column":35}},"16":{"start":{"line":30,"column":12},"end":{"line":30,"column":null}},"17":{"start":{"line":7,"column":35},"end":{"line":9,"column":10}},"18":{"start":{"line":23,"column":10},"end":{"line":27,"column":null}},"19":{"start":{"line":35,"column":55},"end":{"line":35,"column":63}},"20":{"start":{"line":41,"column":54},"end":{"line":41,"column":62}}},"fnMap":{"0":{"name":"(anonymous_1)","decl":{"start":{"line":56,"column":28},"end":{"line":56,"column":34}},"loc":{"start":{"line":56,"column":34},"end":{"line":56,"column":68}}},"1":{"name":"(anonymous_2)","decl":{"start":{"line":59,"column":25},"end":{"line":59,"column":37}},"loc":{"start":{"line":59,"column":37},"end":{"line":68,"column":null}}},"2":{"name":"(anonymous_3)","decl":{"start":{"line":70,"column":24},"end":{"line":70,"column":30}},"loc":{"start":{"line":70,"column":30},"end":{"line":70,"column":null}}},"3":{"name":"(anonymous_4)","decl":{"start":{"line":72,"column":22},"end":{"line":72,"column":28}},"loc":{"start":{"line":72,"column":28},"end":{"line":72,"column":null}}},"4":{"name":"(anonymous_6)","decl":{"start":{"line":7,"column":6},"end":{"line":7,"column":10}},"loc":{"start":{"line":7,"column":35},"end":{"line":9,"column":10}}},"5":{"name":"(anonymous_9)","decl":{"start":{"line":24,"column":42},"end":{"line":24,"column":null}},"loc":{"start":{"line":24,"column":27},"end":{"line":27,"column":null}}},"6":{"name":"(anonymous_11)","decl":{"start":{"line":35,"column":45},"end":{"line":35,"column":55}},"loc":{"start":{"line":35,"column":55},"end":{"line":35,"column":63}}},"7":{"name":"(anonymous_13)","decl":{"start":{"line":41,"column":38},"end":{"line":41,"column":54}},"loc":{"start":{"line":41,"column":54},"end":{"line":41,"column":62}}}},"branchMap":{},"s":{"0":0,"1":0,"2":0,"3":0,"4":0,"5":0,"6":0,"7":0,"8":0,"9":0,"10":0,"11":0,"12":0,"13":1,"14":1,"15":1,"16":1,"17":0,"18":0,"19":0,"20":0},"f":{"0":0,"1":0,"2":0,"3":0,"4":0,"5":0,"6":0,"7":0},"b":{}}
,"/Users/ijunha/workspace/frontend-ddd/src/components/RefreshableSelect.vue": {"path":"/Users/ijunha/workspace/frontend-ddd/src/components/RefreshableSelect.vue","statementMap":{"0":{"start":{"line":40,"column":21},"end":{"line":47,"column":null}},"1":{"start":{"line":42,"column":6},"end":{"line":42,"column":null}},"2":{"start":{"line":45,"column":6},"end":{"line":45,"column":null}},"3":{"start":{"line":2,"column":7},"end":{"line":2,"column":null}},"4":{"start":{"line":6,"column":15},"end":{"line":6,"column":null}},"5":{"start":{"line":17,"column":14},"end":{"line":17,"column":null}},"6":{"start":{"line":19,"column":21},"end":{"line":19,"column":29}}},"fnMap":{"0":{"name":"(anonymous_1)","decl":{"start":{"line":41,"column":4},"end":{"line":41,"column":10}},"loc":{"start":{"line":41,"column":10},"end":{"line":43,"column":null}}},"1":{"name":"(anonymous_2)","decl":{"start":{"line":44,"column":4},"end":{"line":44,"column":8}},"loc":{"start":{"line":44,"column":14},"end":{"line":46,"column":null}}},"2":{"name":"(anonymous_5)","decl":{"start":{"line":6,"column":15},"end":{"line":6,"column":25}},"loc":{"start":{"line":6,"column":15},"end":{"line":6,"column":null}}},"3":{"name":"(anonymous_6)","decl":{"start":{"line":17,"column":12},"end":{"line":17,"column":14}},"loc":{"start":{"line":17,"column":14},"end":{"line":17,"column":null}}},"4":{"name":"(anonymous_8)","decl":{"start":{"line":19,"column":13},"end":{"line":19,"column":21}},"loc":{"start":{"line":19,"column":21},"end":{"line":19,"column":29}}}},"branchMap":{"0":{"loc":{"start":{"line":6,"column":15},"end":{"line":6,"column":null}},"type":"binary-expr","locations":[{"start":{"line":6,"column":15},"end":{"line":6,"column":25}},{"start":{"line":6,"column":15},"end":{"line":6,"column":null}}]},"1":{"loc":{"start":{"line":17,"column":12},"end":{"line":17,"column":null}},"type":"binary-expr","locations":[{"start":{"line":17,"column":12},"end":{"line":17,"column":14}},{"start":{"line":17,"column":12},"end":{"line":17,"column":null}}]}},"s":{"0":0,"1":0,"2":0,"3":1,"4":0,"5":0,"6":0},"f":{"0":0,"1":0,"2":0,"3":0,"4":0},"b":{"0":[0,0],"1":[0,0]}}
,"/Users/ijunha/workspace/frontend-ddd/src/contexts/contracts/request/dependency.ts": {"path":"/Users/ijunha/workspace/frontend-ddd/src/contexts/contracts/request/dependency.ts","statementMap":{"0":{"start":{"line":1,"column":29},"end":{"line":22,"column":null}}},"fnMap":{},"branchMap":{},"s":{"0":1},"f":{},"b":{}}
,"/Users/ijunha/workspace/frontend-ddd/src/contexts/contracts/request/domain/manager-role.ts": {"path":"/Users/ijunha/workspace/frontend-ddd/src/contexts/contracts/request/domain/manager-role.ts","statementMap":{"0":{"start":{"line":1,"column":27},"end":{"line":4,"column":null}}},"fnMap":{},"branchMap":{},"s":{"0":1},"f":{},"b":{}}
,"/Users/ijunha/workspace/frontend-ddd/src/core/uuid.ts": {"path":"/Users/ijunha/workspace/frontend-ddd/src/core/uuid.ts","statementMap":{"0":{"start":{"line":2,"column":14},"end":{"line":2,"column":null}},"1":{"start":{"line":2,"column":26},"end":{"line":2,"column":null}}},"fnMap":{"0":{"name":"(anonymous_0)","decl":{"start":{"line":2,"column":14},"end":{"line":2,"column":26}},"loc":{"start":{"line":2,"column":26},"end":{"line":2,"column":null}}}},"branchMap":{},"s":{"0":1,"1":0},"f":{"0":0},"b":{}}
,"/Users/ijunha/workspace/frontend-ddd/src/pages/contracts/requests/index.vue": {"path":"/Users/ijunha/workspace/frontend-ddd/src/pages/contracts/requests/index.vue","statementMap":{"0":{"start":{"line":90,"column":2},"end":{"line":96,"column":null}},"1":{"start":{"line":94,"column":7},"end":{"line":94,"column":null}},"2":{"start":{"line":98,"column":25},"end":{"line":98,"column":null}},"3":{"start":{"line":101,"column":31},"end":{"line":101,"column":null}},"4":{"start":{"line":102,"column":34},"end":{"line":102,"column":null}},"5":{"start":{"line":103,"column":20},"end":{"line":103,"column":null}},"6":{"start":{"line":103,"column":45},"end":{"line":103,"column":106}},"7":{"start":{"line":103,"column":95},"end":{"line":103,"column":105}},"8":{"start":{"line":104,"column":18},"end":{"line":104,"column":null}},"9":{"start":{"line":105,"column":25},"end":{"line":105,"column":null}},"10":{"start":{"line":108,"column":31},"end":{"line":108,"column":null}},"11":{"start":{"line":109,"column":35},"end":{"line":109,"column":null}},"12":{"start":{"line":110,"column":20},"end":{"line":110,"column":null}},"13":{"start":{"line":110,"column":45},"end":{"line":110,"column":120}},"14":{"start":{"line":110,"column":96},"end":{"line":110,"column":119}},"15":{"start":{"line":111,"column":19},"end":{"line":111,"column":null}},"16":{"start":{"line":112,"column":26},"end":{"line":112,"column":null}},"17":{"start":{"line":115,"column":30},"end":{"line":115,"column":null}},"18":{"start":{"line":116,"column":34},"end":{"line":116,"column":null}},"19":{"start":{"line":117,"column":19},"end":{"line":117,"column":null}},"20":{"start":{"line":117,"column":34},"end":{"line":117,"column":68}},"21":{"start":{"line":119,"column":24},"end":{"line":119,"column":null}},"22":{"start":{"line":120,"column":26},"end":{"line":120,"column":null}},"23":{"start":{"line":120,"column":77},"end":{"line":120,"column":105}},"24":{"start":{"line":121,"column":27},"end":{"line":121,"column":null}},"25":{"start":{"line":121,"column":79},"end":{"line":121,"column":121}},"26":{"start":{"line":123,"column":29},"end":{"line":136,"column":null}},"27":{"start":{"line":124,"column":4},"end":{"line":124,"column":null}},"28":{"start":{"line":125,"column":4},"end":{"line":135,"column":null}},"29":{"start":{"line":126,"column":6},"end":{"line":132,"column":null}},"30":{"start":{"line":134,"column":6},"end":{"line":134,"column":null}},"31":{"start":{"line":138,"column":28},"end":{"line":151,"column":null}},"32":{"start":{"line":139,"column":4},"end":{"line":139,"column":null}},"33":{"start":{"line":140,"column":4},"end":{"line":150,"column":null}},"34":{"start":{"line":141,"column":6},"end":{"line":147,"column":null}},"35":{"start":{"line":149,"column":6},"end":{"line":149,"column":null}},"36":{"start":{"line":153,"column":2},"end":{"line":155,"column":null}},"37":{"start":{"line":153,"column":8},"end":{"line":155,"column":null}},"38":{"start":{"line":153,"column":27},"end":{"line":153,"column":60}},"39":{"start":{"line":157,"column":2},"end":{"line":165,"column":null}},"40":{"start":{"line":157,"column":8},"end":{"line":165,"column":null}},"41":{"start":{"line":158,"column":4},"end":{"line":164,"column":null}},"42":{"start":{"line":167,"column":2},"end":{"line":175,"column":null}},"43":{"start":{"line":167,"column":8},"end":{"line":175,"column":null}},"44":{"start":{"line":168,"column":4},"end":{"line":174,"column":null}},"45":{"start":{"line":9,"column":7},"end":{"line":11,"column":17}},"46":{"start":{"line":8,"column":19},"end":{"line":8,"column":null}},"47":{"start":{"line":12,"column":35},"end":{"line":12,"column":51}},"48":{"start":{"line":16,"column":15},"end":{"line":16,"column":null}},"49":{"start":{"line":40,"column":7},"end":{"line":42,"column":17}},"50":{"start":{"line":39,"column":22},"end":{"line":39,"column":null}},"51":{"start":{"line":43,"column":31},"end":{"line":43,"column":47}},"52":{"start":{"line":47,"column":15},"end":{"line":47,"column":null}},"53":{"start":{"line":59,"column":7},"end":{"line":61,"column":17}},"54":{"start":{"line":58,"column":29},"end":{"line":58,"column":null}},"55":{"start":{"line":62,"column":33},"end":{"line":62,"column":49}},"56":{"start":{"line":74,"column":4},"end":{"line":74,"column":11}}},"fnMap":{"0":{"name":"(anonymous_1)","decl":{"start":{"line":93,"column":16},"end":{"line":93,"column":17}},"loc":{"start":{"line":93,"column":30},"end":{"line":95,"column":null}}},"1":{"name":"(anonymous_2)","decl":{"start":{"line":103,"column":39},"end":{"line":103,"column":45}},"loc":{"start":{"line":103,"column":45},"end":{"line":103,"column":106}}},"2":{"name":"(anonymous_3)","decl":{"start":{"line":103,"column":84},"end":{"line":103,"column":85}},"loc":{"start":{"line":103,"column":95},"end":{"line":103,"column":105}}},"3":{"name":"(anonymous_4)","decl":{"start":{"line":110,"column":39},"end":{"line":110,"column":45}},"loc":{"start":{"line":110,"column":45},"end":{"line":110,"column":120}}},"4":{"name":"(anonymous_5)","decl":{"start":{"line":110,"column":85},"end":{"line":110,"column":86}},"loc":{"start":{"line":110,"column":96},"end":{"line":110,"column":119}}},"5":{"name":"(anonymous_6)","decl":{"start":{"line":117,"column":28},"end":{"line":117,"column":34}},"loc":{"start":{"line":117,"column":34},"end":{"line":117,"column":68}}},"6":{"name":"(anonymous_7)","decl":{"start":{"line":120,"column":66},"end":{"line":120,"column":67}},"loc":{"start":{"line":120,"column":77},"end":{"line":120,"column":105}}},"7":{"name":"(anonymous_8)","decl":{"start":{"line":121,"column":68},"end":{"line":121,"column":69}},"loc":{"start":{"line":121,"column":79},"end":{"line":121,"column":121}}},"8":{"name":"(anonymous_9)","decl":{"start":{"line":123,"column":29},"end":{"line":123,"column":41}},"loc":{"start":{"line":123,"column":41},"end":{"line":136,"column":null}}},"9":{"name":"(anonymous_10)","decl":{"start":{"line":138,"column":28},"end":{"line":138,"column":40}},"loc":{"start":{"line":138,"column":40},"end":{"line":151,"column":null}}},"10":{"name":"(anonymous_11)","decl":{"start":{"line":153,"column":2},"end":{"line":153,"column":8}},"loc":{"start":{"line":153,"column":8},"end":{"line":155,"column":null}}},"11":{"name":"(anonymous_12)","decl":{"start":{"line":153,"column":21},"end":{"line":153,"column":27}},"loc":{"start":{"line":153,"column":27},"end":{"line":153,"column":60}}},"12":{"name":"(anonymous_13)","decl":{"start":{"line":157,"column":2},"end":{"line":157,"column":8}},"loc":{"start":{"line":157,"column":8},"end":{"line":165,"column":null}}},"13":{"name":"(anonymous_14)","decl":{"start":{"line":157,"column":21},"end":{"line":157,"column":null}},"loc":{"start":{"line":158,"column":4},"end":{"line":164,"column":null}}},"14":{"name":"(anonymous_15)","decl":{"start":{"line":167,"column":2},"end":{"line":167,"column":8}},"loc":{"start":{"line":167,"column":8},"end":{"line":175,"column":null}}},"15":{"name":"(anonymous_16)","decl":{"start":{"line":167,"column":21},"end":{"line":167,"column":null}},"loc":{"start":{"line":168,"column":4},"end":{"line":174,"column":null}}},"16":{"name":"(anonymous_18)","decl":{"start":{"line":5,"column":6},"end":{"line":5,"column":null}},"loc":{"start":{"line":9,"column":7},"end":{"line":11,"column":17}}},"17":{"name":"(anonymous_19)","decl":{"start":{"line":8,"column":9},"end":{"line":8,"column":19}},"loc":{"start":{"line":8,"column":19},"end":{"line":8,"column":null}}},"18":{"name":"(anonymous_20)","decl":{"start":{"line":12,"column":19},"end":{"line":12,"column":35}},"loc":{"start":{"line":12,"column":35},"end":{"line":12,"column":51}}},"19":{"name":"(anonymous_21)","decl":{"start":{"line":16,"column":15},"end":{"line":16,"column":22}},"loc":{"start":{"line":16,"column":15},"end":{"line":16,"column":null}}},"20":{"name":"(anonymous_22)","decl":{"start":{"line":36,"column":6},"end":{"line":36,"column":null}},"loc":{"start":{"line":40,"column":7},"end":{"line":42,"column":17}}},"21":{"name":"(anonymous_23)","decl":{"start":{"line":39,"column":9},"end":{"line":39,"column":22}},"loc":{"start":{"line":39,"column":22},"end":{"line":39,"column":null}}},"22":{"name":"(anonymous_24)","decl":{"start":{"line":43,"column":19},"end":{"line":43,"column":31}},"loc":{"start":{"line":43,"column":31},"end":{"line":43,"column":47}}},"23":{"name":"(anonymous_25)","decl":{"start":{"line":47,"column":15},"end":{"line":47,"column":23}},"loc":{"start":{"line":47,"column":15},"end":{"line":47,"column":null}}},"24":{"name":"(anonymous_26)","decl":{"start":{"line":55,"column":6},"end":{"line":55,"column":null}},"loc":{"start":{"line":59,"column":7},"end":{"line":61,"column":17}}},"25":{"name":"(anonymous_27)","decl":{"start":{"line":58,"column":9},"end":{"line":58,"column":29}},"loc":{"start":{"line":58,"column":29},"end":{"line":58,"column":null}}},"26":{"name":"(anonymous_28)","decl":{"start":{"line":62,"column":19},"end":{"line":62,"column":33}},"loc":{"start":{"line":62,"column":33},"end":{"line":62,"column":49}}},"27":{"name":"(anonymous_29)","decl":{"start":{"line":72,"column":5},"end":{"line":72,"column":null}},"loc":{"start":{"line":74,"column":4},"end":{"line":74,"column":11}}}},"branchMap":{"0":{"loc":{"start":{"line":15,"column":14},"end":{"line":15,"column":null}},"type":"cond-expr","locations":[{"start":{"line":15,"column":30},"end":{"line":15,"column":null}},{"start":{"line":15,"column":30},"end":{"line":15,"column":null}}]},"1":{"loc":{"start":{"line":16,"column":15},"end":{"line":16,"column":null}},"type":"binary-expr","locations":[{"start":{"line":16,"column":15},"end":{"line":16,"column":22}},{"start":{"line":16,"column":15},"end":{"line":16,"column":null}}]},"2":{"loc":{"start":{"line":46,"column":14},"end":{"line":46,"column":null}},"type":"cond-expr","locations":[{"start":{"line":46,"column":30},"end":{"line":46,"column":null}},{"start":{"line":46,"column":30},"end":{"line":46,"column":null}}]},"3":{"loc":{"start":{"line":47,"column":15},"end":{"line":47,"column":null}},"type":"binary-expr","locations":[{"start":{"line":47,"column":15},"end":{"line":47,"column":23}},{"start":{"line":47,"column":15},"end":{"line":47,"column":null}}]}},"s":{"0":1,"1":0,"2":0,"3":0,"4":0,"5":0,"6":0,"7":0,"8":0,"9":0,"10":0,"11":0,"12":0,"13":0,"14":0,"15":0,"16":0,"17":0,"18":0,"19":0,"20":0,"21":0,"22":0,"23":0,"24":0,"25":0,"26":0,"27":0,"28":0,"29":0,"30":0,"31":0,"32":0,"33":0,"34":0,"35":0,"36":0,"37":0,"38":0,"39":0,"40":0,"41":0,"42":0,"43":0,"44":0,"45":0,"46":0,"47":0,"48":0,"49":0,"50":0,"51":0,"52":0,"53":0,"54":0,"55":0,"56":0},"f":{"0":0,"1":0,"2":0,"3":0,"4":0,"5":0,"6":0,"7":0,"8":0,"9":0,"10":0,"11":0,"12":0,"13":0,"14":0,"15":0,"16":0,"17":0,"18":0,"19":0,"20":0,"21":0,"22":0,"23":0,"24":0,"25":0,"26":0,"27":0},"b":{"0":[0,0],"1":[0,0],"2":[0,0],"3":[0,0]}}
}
